<?xml version="1.0" encoding="UTF-8"?>
<!-- Generated by org.testng.reporters.JUnitXMLReporter -->
<testsuite hostname="William-PC" ignored="0" name="10DayWeatherForeCast" tests="10" failures="2" timestamp="20 Apr 2018 04:37:42 GMT" time="33.936" errors="0">
  <testcase name="test" time="3.217" classname="com.testcases.Day1">
    <failure type="java.lang.AssertionError" message="Test Failed">
      <![CDATA[java.lang.AssertionError: Test Failed
	at com.testcases.Day1.test(Day1.java:100)
... Removed 26 stack frames]]>
    </failure>
  </testcase> <!-- test -->
  <testcase name="test" time="2.803" classname="com.testcases.Day2">
    <failure type="java.lang.AssertionError" message="Test Failed">
      <![CDATA[java.lang.AssertionError: Test Failed
	at com.testcases.Day2.test(Day2.java:100)
... Removed 26 stack frames]]>
    </failure>
  </testcase> <!-- test -->
  <testcase name="test" time="2.624" classname="com.testcases.Day3"/>
  <testcase name="test" time="2.677" classname="com.testcases.Day4"/>
  <testcase name="test" time="2.617" classname="com.testcases.Day5"/>
  <testcase name="test" time="2.565" classname="com.testcases.Day6"/>
  <testcase name="test" time="2.528" classname="com.testcases.Day7"/>
  <testcase name="test" time="2.62" classname="com.testcases.Day8"/>
  <testcase name="test" time="2.647" classname="com.testcases.Day9"/>
  <testcase name="test" time="2.567" classname="com.testcases.Day10"/>
</testsuite> <!-- 10DayWeatherForeCast -->
