<?xml version="1.0" encoding="UTF-8"?>
<!-- Generated by org.testng.reporters.JUnitXMLReporter -->
<testsuite hostname="William-PC" ignored="0" name="Day10" tests="1" failures="1" timestamp="20 Apr 2018 09:04:38 GMT" time="16.018" errors="0">
  <testcase name="test" time="14.532" classname="com.testcases.Day10">
    <failure type="java.lang.AssertionError" message="The following asserts failed:
	expected [53] but found [59],
	expected [Mostly Sunny] but found [Clear],
	expected [65] but found [56],
	expected [12] but found [11]">
      <![CDATA[java.lang.AssertionError: The following asserts failed:
	expected [53] but found [59],
	expected [Mostly Sunny] but found [Clear],
	expected [65] but found [56],
	expected [12] but found [11]
	at com.testcases.Day10.test(Day10.java:203)
... Removed 26 stack frames]]>
    </failure>
  </testcase> <!-- test -->
</testsuite> <!-- Day10 -->
