<?xml version="1.0" encoding="UTF-8"?>
<!-- Generated by org.testng.reporters.JUnitXMLReporter -->
<testsuite hostname="William-PC" ignored="0" name="Day1" tests="1" failures="1" timestamp="20 Apr 2018 09:02:03 GMT" time="20.739" errors="0">
  <testcase name="test" time="19.225" classname="com.testcases.Day1">
    <failure type="java.lang.AssertionError" message="The following asserts failed:
	expected [52] but found [59],
	expected [Sunny] but found [Clear],
	expected [50] but found [43],
	expected [7] but found [8],
	Test Failed">
      <![CDATA[java.lang.AssertionError: The following asserts failed:
	expected [52] but found [59],
	expected [Sunny] but found [Clear],
	expected [50] but found [43],
	expected [7] but found [8],
	Test Failed
	at com.testcases.Day1.test(Day1.java:203)
... Removed 26 stack frames]]>
    </failure>
  </testcase> <!-- test -->
</testsuite> <!-- Day1 -->
