<?xml version="1.0" encoding="UTF-8"?>
<!-- Generated by org.testng.reporters.JUnitXMLReporter -->
<testsuite hostname="William-PC" ignored="0" name="Day4" tests="1" failures="1" timestamp="20 Apr 2018 09:02:56 GMT" time="20.104" errors="0">
  <testcase name="test" time="18.572" classname="com.testcases.Day4">
    <failure type="java.lang.AssertionError" message="The following asserts failed:
	expected [52] but found [59],
	expected [Sunny] but found [Clear],
	expected [60] but found [51],
	expected [11] but found [10]">
      <![CDATA[java.lang.AssertionError: The following asserts failed:
	expected [52] but found [59],
	expected [Sunny] but found [Clear],
	expected [60] but found [51],
	expected [11] but found [10]
	at com.testcases.Day4.test(Day4.java:203)
... Removed 26 stack frames]]>
    </failure>
  </testcase> <!-- test -->
</testsuite> <!-- Day4 -->
