<?xml version="1.0" encoding="UTF-8"?>
<!-- Generated by org.testng.reporters.JUnitXMLReporter -->
<testsuite hostname="William-PC" ignored="0" name="Day9" tests="1" failures="1" timestamp="20 Apr 2018 09:04:22 GMT" time="17.984" errors="0">
  <testcase name="test" time="16.446" classname="com.testcases.Day9">
    <failure type="java.lang.AssertionError" message="The following asserts failed:
	expected [57] but found [60],
	expected [Mostly Sunny] but found [Clear],
	expected [63] but found [52],
	expected [13] but found [12],
	expected [WSW] but found [NNW]">
      <![CDATA[java.lang.AssertionError: The following asserts failed:
	expected [57] but found [60],
	expected [Mostly Sunny] but found [Clear],
	expected [63] but found [52],
	expected [13] but found [12],
	expected [WSW] but found [NNW]
	at com.testcases.Day9.test(Day9.java:203)
... Removed 26 stack frames]]>
    </failure>
  </testcase> <!-- test -->
</testsuite> <!-- Day9 -->
